<?xml version="1.0" encoding="UTF-8" ?>
<testsuite tests="27" failures="0" name="org.apache.commons.io.FilenameUtilsTestCase" time="0.017" errors="0" skipped="0">
  <properties>
[...]
</properties>
  <testcase name="testNormalize" time="0.001"/>
  <testcase name="testNormalizeNoEndSeparator" time="0.001"/>
  <testcase name="testConcat" time="0"/>
  <testcase name="testSeparatorsToUnix" time="0.001"/>
  <testcase name="testSeparatorsToWindows" time="0"/>
  <testcase name="testSeparatorsToSystem" time="0.001"/>
  <testcase name="testGetPrefixLength" time="0"/>
  <testcase name="testIndexOfLastSeparator" time="0.001"/>
  <testcase name="testIndexOfExtension" time="0"/>
  <testcase name="testGetPrefix" time="0.001"/>
  <testcase name="testGetPath" time="0"/>
  <testcase name="testGetPathNoEndSeparator" time="0.001"/>
  <testcase name="testGetFullPath" time="0"/>
  <testcase name="testGetFullPathNoEndSeparator" time="0.001"/>
  <testcase name="testGetName" time="0.001"/>
  <testcase name="testGetBaseName" time="0"/>
  <testcase name="testGetExtension" time="0"/>
  <testcase name="testRemoveExtension" time="0.001"/>
  <testcase name="testEquals" time="0"/>
  <testcase name="testEqualsOnSystem" time="0"/>
  <testcase name="testEqualsNormalized" time="0.001"/>
  <testcase name="testEqualsNormalizedOnSystem" time="0"/>
  <testcase name="testEqualsNormalizedError_IO_128" time="0.001"/>
  <testcase name="testEquals_fullControl" time="0"/>
  <testcase name="testIsExtension" time="0.001"/>
  <testcase name="testIsExtensionArray" time="0.001"/>
  <testcase name="testIsExtensionCollection" time="0.001"/>
</testsuite>